13-Jun-2014 20:57:13.973 INFO [main] org.apache.catalina.core.AprLifecycleListener.init The APR based Apache Tomcat Native library which allows optimal performance in production environments was not found on the java.library.path: /Users/huow/Library/Java/Extensions:/Library/Java/Extensions:/Network/Library/Java/Extensions:/System/Library/Java/Extensions:/usr/lib/java:.
13-Jun-2014 20:57:14.296 INFO [main] org.apache.coyote.AbstractProtocol.init Initializing ProtocolHandler ["http-nio-8080"]
13-Jun-2014 20:57:14.334 INFO [main] org.apache.tomcat.util.net.NioSelectorPool.getSharedSelector Using a shared selector for servlet write/read
13-Jun-2014 20:57:14.338 INFO [main] org.apache.coyote.AbstractProtocol.init Initializing ProtocolHandler ["ajp-nio-8009"]
13-Jun-2014 20:57:14.341 INFO [main] org.apache.tomcat.util.net.NioSelectorPool.getSharedSelector Using a shared selector for servlet write/read
13-Jun-2014 20:57:14.342 INFO [main] org.apache.catalina.startup.Catalina.load Initialization processed in 918 ms
13-Jun-2014 20:57:14.379 INFO [main] org.apache.catalina.core.StandardService.startInternal Starting service Catalina
13-Jun-2014 20:57:14.379 INFO [main] org.apache.catalina.core.StandardEngine.startInternal Starting Servlet Engine: Apache Tomcat/8.0.8
13-Jun-2014 20:57:14.391 INFO [localhost-startStop-1] org.apache.catalina.startup.HostConfig.deployDirectory Deploying web application directory /Users/huow/Documents/Sunil/data-driven-policy/apache-tomcat-8.0.8/webapps/docs
13-Jun-2014 20:57:14.891 INFO [localhost-startStop-1] org.apache.catalina.startup.HostConfig.deployDirectory Deployment of web application directory /Users/huow/Documents/Sunil/data-driven-policy/apache-tomcat-8.0.8/webapps/docs has finished in 499 ms
13-Jun-2014 20:57:14.891 INFO [localhost-startStop-1] org.apache.catalina.startup.HostConfig.deployDirectory Deploying web application directory /Users/huow/Documents/Sunil/data-driven-policy/apache-tomcat-8.0.8/webapps/examples
13-Jun-2014 20:57:15.492 INFO [localhost-startStop-1] org.apache.catalina.startup.HostConfig.deployDirectory Deployment of web application directory /Users/huow/Documents/Sunil/data-driven-policy/apache-tomcat-8.0.8/webapps/examples has finished in 601 ms
13-Jun-2014 20:57:15.492 INFO [localhost-startStop-1] org.apache.catalina.startup.HostConfig.deployDirectory Deploying web application directory /Users/huow/Documents/Sunil/data-driven-policy/apache-tomcat-8.0.8/webapps/host-manager
13-Jun-2014 20:57:15.536 INFO [localhost-startStop-1] org.apache.catalina.startup.HostConfig.deployDirectory Deployment of web application directory /Users/huow/Documents/Sunil/data-driven-policy/apache-tomcat-8.0.8/webapps/host-manager has finished in 44 ms
13-Jun-2014 20:57:15.536 INFO [localhost-startStop-1] org.apache.catalina.startup.HostConfig.deployDirectory Deploying web application directory /Users/huow/Documents/Sunil/data-driven-policy/apache-tomcat-8.0.8/webapps/manager
13-Jun-2014 20:57:15.576 INFO [localhost-startStop-1] org.apache.catalina.startup.HostConfig.deployDirectory Deployment of web application directory /Users/huow/Documents/Sunil/data-driven-policy/apache-tomcat-8.0.8/webapps/manager has finished in 40 ms
13-Jun-2014 20:57:15.576 INFO [localhost-startStop-1] org.apache.catalina.startup.HostConfig.deployDirectory Deploying web application directory /Users/huow/Documents/Sunil/data-driven-policy/apache-tomcat-8.0.8/webapps/ROOT
13-Jun-2014 20:57:15.639 INFO [localhost-startStop-1] org.apache.catalina.startup.HostConfig.deployDirectory Deployment of web application directory /Users/huow/Documents/Sunil/data-driven-policy/apache-tomcat-8.0.8/webapps/ROOT has finished in 63 ms
13-Jun-2014 20:57:15.645 INFO [main] org.apache.coyote.AbstractProtocol.start Starting ProtocolHandler ["http-nio-8080"]
13-Jun-2014 20:57:15.664 INFO [main] org.apache.coyote.AbstractProtocol.start Starting ProtocolHandler ["ajp-nio-8009"]
13-Jun-2014 20:57:15.666 INFO [main] org.apache.catalina.startup.Catalina.start Server startup in 1324 ms
13-Jun-2014 20:57:47.920 INFO [main] org.apache.catalina.core.StandardServer.await A valid shutdown command was received via the shutdown port. Stopping the Server instance.
13-Jun-2014 20:57:47.920 INFO [main] org.apache.coyote.AbstractProtocol.pause Pausing ProtocolHandler ["http-nio-8080"]
13-Jun-2014 20:57:47.974 INFO [main] org.apache.coyote.AbstractProtocol.pause Pausing ProtocolHandler ["ajp-nio-8009"]
13-Jun-2014 20:57:48.025 INFO [main] org.apache.catalina.core.StandardService.stopInternal Stopping service Catalina
13-Jun-2014 20:57:48.070 INFO [main] org.apache.coyote.AbstractProtocol.stop Stopping ProtocolHandler ["http-nio-8080"]
13-Jun-2014 20:57:48.071 INFO [main] org.apache.coyote.AbstractProtocol.stop Stopping ProtocolHandler ["ajp-nio-8009"]
13-Jun-2014 20:57:48.072 INFO [main] org.apache.coyote.AbstractProtocol.destroy Destroying ProtocolHandler ["http-nio-8080"]
13-Jun-2014 20:57:48.072 INFO [main] org.apache.coyote.AbstractProtocol.destroy Destroying ProtocolHandler ["ajp-nio-8009"]
